<?xml version="1.0" encoding="UTF-8"?>
<testsuite name="Tests" tests="3" skipped="0" failures="0" errors="0" timestamp="2026-02-03T18:19:51.383Z" hostname="fedora" time="0.031">
  <properties/>
  <testcase name="testOutputMatchesExpectedAnswers" classname="Tests" time="0.007"/>
  <testcase name="testDoNotChangePrintLines" classname="Tests" time="0.005"/>
  <testcase name="testStudentReassignedReferencesAsRequested" classname="Tests" time="0.016"/>
  <system-out><![CDATA[]]></system-out>
  <system-err><![CDATA[]]></system-err>
</testsuite>
